# using postmaster on localhost, port 28818
ok 1         - setup                                      98 ms
ok 2         - admin_functions                            25 ms
ok 3         - aggregates                                 28 ms
ok 4         - ask_views                                  19 ms
ok 5         - basic_crud                                 18 ms
ok 6         - bsbm                                       68 ms
ok 7         - bulk_load_strict                           20 ms
ok 8         - cache_stats                                14 ms
ok 9         - canary                                     17 ms
ok 10        - cdc_subscriptions                          20 ms
ok 11        - change_notification                        14 ms
ok 12        - citus_aggregate_pushdown                   21 ms
ok 13        - citus_graph_affinity                       15 ms
ok 14        - citus_object_pruning                       12 ms
ok 15        - citus_sharding                             15 ms
ok 16        - concurrent_write_merge                     35 ms
not ok 17    - construct_rules                           126 ms
ok 18        - construct_views                            20 ms
ok 19        - copy_rdf_path_allowlist                    13 ms
ok 20        - crash_recovery_merge                       34 ms
ok 21        - datalog_agg                               148 ms
ok 22        - datalog_antijoin                           42 ms
ok 23        - datalog_arithmetic                         15 ms
ok 24        - datalog_bounded_depth                      46 ms
ok 25        - datalog_constraints                        15 ms
ok 26        - datalog_cost_reorder                       63 ms
ok 27        - datalog_custom                             79 ms
ok 28        - datalog_delta_index                        66 ms
ok 29        - datalog_demand                             56 ms
ok 30        - datalog_dred                               29 ms
ok 31        - datalog_dred_cycle                        110 ms
ok 32        - datalog_explain                            24 ms
ok 33        - datalog_filter_pushdown                    46 ms
ok 34        - datalog_incremental_rules                  35 ms
ok 35        - datalog_lattice                            83 ms
ok 36        - datalog_magic_sets                        119 ms
ok 37        - datalog_malformed                          19 ms
ok 38        - datalog_negation                           14 ms
ok 39        - datalog_owl_rl                             33 ms
ok 40        - datalog_owl_rl_deletion                    97 ms
ok 41        - datalog_parallel                          250 ms
ok 42        - datalog_parallel_rollback                  39 ms
ok 43        - datalog_plan_cache                         28 ms
ok 44        - datalog_rdfs                               20 ms
ok 45        - datalog_sameas                             31 ms
ok 46        - datalog_seminaive                         167 ms
ok 47        - datalog_sequence_batch                     20 ms
ok 48        - datalog_sparql_cache                       31 ms
ok 49        - datalog_subsumption                       118 ms
ok 50        - datalog_tabling                            38 ms
ok 51        - datalog_views                              25 ms
ok 52        - datalog_wfs                                52 ms
ok 53        - datalog_wfs_cap                            39 ms
ok 54        - deduplication                             121 ms
ok 55        - describe_views                             19 ms
not ok 56    - diagnostic_report                          19 ms
ok 57        - dictionary                                 15 ms
ok 58        - dictionary_nfc_normalization               14 ms
ok 59        - dictionary_rollback                        24 ms
ok 60        - explain_sparql                             76 ms
ok 61        - export_ntriples                           174 ms
ok 62        - export_roundtrip                          236 ms
ok 63        - extvp                                      26 ms
not ok 64    - feature_status                             14 ms
ok 65        - federation_cache                          357 ms
ok 66        - federation_planner                        240 ms
ok 67        - federation_ssrf_policy                     14 ms
ok 68        - fts_search                                 24 ms
ok 69        - fuzz_integration                           13 ms
ok 70        - geosparql                                  23 ms
ok 71        - graph_delete                               53 ms
ok 72        - graph_rls                                  31 ms
ok 73        - graphrag_crud                              34 ms
ok 74        - graphrag_enrichment                        33 ms
ok 75        - graphrag_export                            39 ms
ok 76        - graphrag_ontology                          40 ms
ok 77        - graphrag_shacl                             26 ms
ok 78        - htap_benchmarks                           361 ms
ok 79        - htap_concurrent_merge                      60 ms
ok 80        - htap_merge                                 67 ms
ok 81        - inline_encoding                            25 ms
ok 82        - jsonld_framing                            565 ms
ok 83        - jsonld_framing_views                       19 ms
ok 84        - kge_embeddings                             13 ms
ok 85        - load_into_graph                            86 ms
ok 86        - merge_edge_cases                           88 ms
ok 87        - multi_tenant                               14 ms
ok 88        - named_graphs                               49 ms
ok 89        - nl_to_sparql                               18 ms
ok 90        - nquads_trig                                57 ms
ok 91        - owl_el_classification                      23 ms
ok 92        - owl_ql_rewrite                             22 ms
ok 93        - property_path_depth                        31 ms
ok 94        - property_paths                             31 ms
ok 95        - prov_triples                               27 ms
ok 96        - rare_predicate_promotion                   42 ms
ok 97        - rdf_star_construct                         41 ms
ok 98        - rdf_star_datalog                           17 ms
ok 99        - rdf_star_load                              37 ms
ok 100       - rdfstar_variable_quoted                    22 ms
ok 101       - resource_limits                            23 ms
ok 102       - sameas_large_cluster                       34 ms
ok 103       - schema_state                               24 ms
ok 104       - security_erase_subject                     58 ms
ok 105       - serialization                             130 ms
ok 106       - shacl_advanced                             53 ms
ok 107       - shacl_af_rule                              13 ms
ok 108       - shacl_af_rule_execution                    26 ms
ok 109       - shacl_af_rules                             15 ms
ok 110       - shacl_closed                               30 ms
ok 111       - shacl_complex_path                         49 ms
ok 112       - shacl_core_completion                     111 ms
ok 113       - shacl_dag_monitors                         80 ms
ok 114       - shacl_equals_disjoint                      61 ms
ok 115       - shacl_lt_or_equals                         27 ms
ok 116       - shacl_malformed                            17 ms
ok 117       - shacl_new_constraints                      25 ms
ok 118       - shacl_pattern                              29 ms
ok 119       - shacl_query_hints                          42 ms
ok 120       - shacl_query_opt                            84 ms
ok 121       - shacl_sparql_constraint                    19 ms
ok 122       - shacl_sparql_hints                         19 ms
ok 123       - shacl_unique_lang                          27 ms
ok 124       - shacl_validation                           33 ms
ok 125       - sparql_construct                           43 ms
ok 126       - sparql_csv_tsv                             27 ms
ok 127       - sparql_cursor                              26 ms
ok 128       - sparql_delete_data                         20 ms
ok 129       - sparql_depth_limit                         21 ms
ok 130       - sparql_dl                                  21 ms
ok 131       - sparql_explain_analyze                     21 ms
ok 132       - sparql_explain_jsonb                       20 ms
ok 133       - sparql_federation                         299 ms
ok 134       - sparql_federation_perf                    409 ms
ok 135       - sparql_federation_timeout                  16 ms
ok 136       - sparql_graph_management                    66 ms
ok 137       - sparql_injection                           46 ms
ok 138       - sparql_insert_data                         21 ms
ok 139       - sparql_optional_in_graph                   35 ms
ok 140       - sparql_optional_in_graph_rare              33 ms
ok 141       - sparql_path_in_graph                       38 ms
ok 142       - sparql_protocol                            56 ms
ok 143       - sparql_queries                             24 ms
ok 144       - sparql_repair                              14 ms
ok 145       - sparql_star_annotation                     86 ms
ok 146       - sparql_star_conformance                    63 ms
ok 147       - sparql_star_update                         30 ms
ok 148       - sparql_tabling                             21 ms
ok 149       - sparql_topn                                18 ms
ok 150       - sparql_update_add_copy_move               200 ms
ok 151       - sparql_update_advanced                    291 ms
ok 152       - sparql_update_where                        28 ms
ok 153       - sparql_views                               26 ms
ok 154       - sparql_wcoj                                26 ms
ok 155       - sql_api_completeness                       45 ms
ok 156       - storage_tombstone_gc                       12 ms
ok 157       - supplementary_features                     41 ms
ok 158       - telemetry                                  15 ms
ok 159       - temporal_rdf                               20 ms
ok 160       - temporal_rdf_post_merge                    52 ms
ok 161       - trickle_graceful_degradation               65 ms
ok 162       - trickle_integration                        98 ms
ok 163       - triple_crud                                51 ms
ok 164       - upgrade_path                              150 ms
ok 165       - v062_features                              25 ms
not ok 166   - v066_features                              68 ms
ok 167       - vector_binary                              15 ms
ok 168       - vector_contextualize                       74 ms
ok 169       - vector_crud                                20 ms
ok 170       - vector_federation                          17 ms
ok 171       - vector_filter                              21 ms
ok 172       - vector_graceful                            13 ms
ok 173       - vector_halfvec                             15 ms
ok 174       - vector_hybrid                              19 ms
ok 175       - vector_rag                                 18 ms
ok 176       - vector_rag_jsonld                          19 ms
ok 177       - vector_refresh                             18 ms
ok 178       - vector_setup                               16 ms
ok 179       - vector_sparql                              20 ms
ok 180       - vector_worker                              22 ms
ok 181       - w3c_shacl_conformance                     149 ms
ok 182       - w3c_sparql_query_conformance               78 ms
ok 183       - w3c_sparql_update_conformance             410 ms
1..183
# 4 of 183 tests failed.
# The differences that caused some tests to fail can be viewed in the file "/home/runner/work/pg-ripple/pg-ripple/tests/pg_regress/regression.diffs".
# A copy of the test summary that you see above is saved in the file "/home/runner/work/pg-ripple/pg-ripple/tests/pg_regress/regression.out".
